2020-05-03 07:10:05 -  - __logger: Loaded
2020-05-03 15:11:34 - SEME SEME_VERSION Bootstrap started
2020-05-03 15:11:47 - SEME 4.0.0 Bootstrap started
2020-05-03 15:13:09 - SEME 4.0.0 Bootstrap started
2020-05-03 15:16:58 - SEME 4.0.0 Bootstrap started
2020-05-03 15:19:12 - SEME 4.0.0 Bootstrap started
2020-05-03 15:19:19 - SEME 4.0.0 Bootstrap started
2020-05-03 15:20:18 - SEME 4.0.0 Bootstrap started
2020-05-03 15:37:54 - SEME 4.0.0 Bootstrap started
2020-05-03 15:44:23 - SEME 4.0.0 Bootstrap started
2020-05-03 15:46:42 - SEME 4.0.0 Bootstrap started
2020-05-03 15:47:59 - SEME 4.0.0 Bootstrap started
2022-10-18 20:37:42 - API_Front/User::lupa --email a@a.com
2022-11-24 13:43:36 - cron/booking::update_kode -- tidak ada yang perlu diupdate
2022-11-24 14:00:23 - cron/booking::update_kode -- kode tracking tidak ditemukan ID: 59
2022-11-24 14:00:36 - cron/booking::update_kode -- kode tracking tidak ditemukan ID: 59
2022-11-24 14:01:07 - cron/booking::update_kode -- kode tracking tidak ditemukan ID: 59 KODE: 
2022-11-24 14:01:28 - cron/booking::update_kode -- kode tracking tidak ditemukan ID: 59 KODE: 
2022-11-24 14:05:12 - cron/booking::update_kode -- kode tracking tidak ditemukan ID: 59 KODE: 
2022-11-24 14:05:18 - cron/booking::update_kode -- kode tracking tidak ditemukan ID: 59 KODE: 
2022-11-24 14:07:40 - cron/booking::update_kode -- berhasil update ID: 59 KODE: D01
2022-11-24 14:07:53 - cron/booking::update_kode -- tidak ada yang perlu diupdate
2022-11-24 14:08:49 - cron/booking::update_kode -- tidak ada yang perlu diupdate
2022-11-24 14:08:57 - cron/booking::update_kode -- tidak ada yang perlu diupdate
2022-11-24 14:09:47 - cron/booking::update_kode -- berhasil update ID: 59 KODE: D01
2023-03-25 07:37:31 - Cetak::Monev -- Get Data
2023-03-25 07:37:31 - Cetak::Monev -- Manipulate Data 
2023-03-25 07:37:32 - Cetak::Monev -- Jumlah Data 1065
2023-03-25 07:37:36 - Cetak::Monev -- Menyimpan Excel 
2023-03-25 07:37:36 - Cetak::Monev -- Save DIR: E:\xampp\htdocs\asesmen_rs\media/monev/2023/03
2023-03-25 07:37:36 - Cetak::Monev -- Save File: monitoring-kegiatan-harian-pencegahan-pengendalian-infeksi-ppi
2023-03-25 07:37:36 - Cetak::Monev -- Save File Edited: monitoring-kegiatan-harian-pencegahan-pengendalian-infeksi-ppi
2023-03-25 07:37:36 - Cetak::Monev -- Init Writer
2023-03-25 07:37:36 - Cetak::Monev -- Unlink Existed File: E:\xampp\htdocs\asesmen_rs\media/monev/2023/03/monitoring-kegiatan-harian-pencegahan-pengendalian-infeksi-ppi.xlsx
2023-03-25 07:37:36 - Cetak::Monev -- Saving File: E:\xampp\htdocs\asesmen_rs\media/monev/2023/03/monitoring-kegiatan-harian-pencegahan-pengendalian-infeksi-ppi.xlsx
2023-03-25 07:40:56 - Cetak::Monev -- Get Data
2023-03-25 07:40:56 - Cetak::Monev -- Manipulate Data 
2023-03-25 07:40:56 - Cetak::Monev -- Jumlah Data 1065
2023-03-25 07:41:00 - Cetak::Monev -- Menyimpan Excel 
2023-03-25 07:41:00 - Cetak::Monev -- Save DIR: E:\xampp\htdocs\asesmen_rs\media/monev/2023/03
2023-03-25 07:41:00 - Cetak::Monev -- Save File: monitoring-kegiatan-harian-pencegahan-pengendalian-infeksi-ppi
2023-03-25 07:41:00 - Cetak::Monev -- Save File Edited: monitoring-kegiatan-harian-pencegahan-pengendalian-infeksi-ppi
2023-03-25 07:41:00 - Cetak::Monev -- Init Writer
2023-03-25 07:41:00 - Cetak::Monev -- Unlink Existed File: E:\xampp\htdocs\asesmen_rs\media/monev/2023/03/monitoring-kegiatan-harian-pencegahan-pengendalian-infeksi-ppi.xlsx
2023-03-25 07:41:00 - Cetak::Monev -- Saving File: E:\xampp\htdocs\asesmen_rs\media/monev/2023/03/monitoring-kegiatan-harian-pencegahan-pengendalian-infeksi-ppi.xlsx
2023-03-25 07:41:02 - Cetak::Monev -- JSON data: {"url":"http:\/\/localhost\/asesmen_rs\/media\/monev\/2023\/03\/monitoring-kegiatan-harian-pencegahan-pengendalian-infeksi-ppi.xlsx"}
